{
  "RSpec": {
    "coverage": {
      "/Users/angiegove/Projects/Travel_Stories/config/environment.rb": [
        null,
        1,
        null,
        null,
        1
      ],
      "/Users/angiegove/Projects/Travel_Stories/config/application.rb": [
        1,
        null,
        1,
        null,
        1,
        null,
        1,
        null,
        null,
        null,
        null,
        1,
        1,
        null,
        null,
        null,
        null,
        null,
        null,
        null,
        null,
        null,
        null,
        null,
        null,
        null,
        null,
        null,
        null,
        null,
        null,
        null,
        null,
        null,
        null,
        null,
        1,
        null,
        null,
        1,
        null,
        null,
        1,
        null,
        null,
        null,
        null,
        null,
        null,
        null,
        null,
        null,
        null,
        1,
        null,
        null,
        1,
        null,
        null,
        1,
        null,
        null
      ],
      "/Users/angiegove/Projects/Travel_Stories/config/boot.rb": [
        1,
        null,
        null,
        1,
        null,
        1
      ],
      "/Users/angiegove/Projects/Travel_Stories/config/environments/test.rb": [
        1,
        null,
        null,
        null,
        null,
        null,
        null,
        1,
        null,
        null,
        1,
        1,
        null,
        null,
        1,
        null,
        null,
        1,
        1,
        null,
        null,
        1,
        null,
        null,
        1,
        null,
        null,
        null,
        null,
        1,
        null,
        null,
        1,
        null,
        null,
        1,
        null
      ],
      "/Users/angiegove/Projects/Travel_Stories/config/initializers/backtrace_silencers.rb": [
        null,
        null,
        null,
        null,
        null,
        null,
        null
      ],
      "/Users/angiegove/Projects/Travel_Stories/config/initializers/inflections.rb": [
        null,
        null,
        null,
        null,
        null,
        null,
        null,
        null,
        null,
        null,
        null,
        null,
        null,
        null,
        null
      ],
      "/Users/angiegove/Projects/Travel_Stories/config/initializers/mime_types.rb": [
        null,
        null,
        null,
        null,
        null
      ],
      "/Users/angiegove/Projects/Travel_Stories/config/initializers/secret_token.rb": [
        null,
        null,
        null,
        null,
        null,
        null,
        1
      ],
      "/Users/angiegove/Projects/Travel_Stories/config/initializers/session_store.rb": [
        null,
        null,
        1,
        null,
        null,
        null,
        null,
        null
      ],
      "/Users/angiegove/Projects/Travel_Stories/config/initializers/wrap_parameters.rb": [
        null,
        null,
        null,
        null,
        null,
        null,
        1,
        1,
        null,
        null,
        null,
        1,
        1,
        null
      ],
      "/Users/angiegove/Projects/Travel_Stories/app/controllers/application_controller.rb": [
        1,
        1,
        null
      ],
      "/Users/angiegove/Projects/Travel_Stories/app/helpers/application_helper.rb": [
        1,
        null
      ],
      "/Users/angiegove/Projects/Travel_Stories/app/controllers/pages_controller.rb": [
        1,
        1,
        null,
        null,
        null
      ],
      "/Users/angiegove/Projects/Travel_Stories/app/controllers/places_controller.rb": [
        1,
        null,
        1,
        2,
        null,
        null,
        1,
        2,
        null,
        null,
        1,
        4,
        4,
        2,
        null,
        2,
        null,
        null,
        null,
        1,
        4,
        4,
        null,
        null,
        1,
        5,
        5,
        2,
        null,
        3,
        null,
        null,
        null,
        1,
        2,
        2,
        2,
        null,
        null,
        null
      ],
      "/Users/angiegove/Projects/Travel_Stories/app/models/place.rb": [
        null,
        null,
        null,
        null,
        null,
        null,
        null,
        null,
        null,
        null,
        null,
        null,
        null,
        null,
        null,
        1,
        1,
        null,
        1,
        null,
        1,
        1,
        null,
        1,
        null
      ],
      "/Users/angiegove/Projects/Travel_Stories/app/uploaders/image_uploader.rb": [
        null,
        null,
        1,
        null,
        null,
        null,
        null,
        null,
        null,
        1,
        null,
        null,
        null,
        null,
        1,
        0,
        null,
        null,
        null,
        1,
        null,
        null,
        null,
        0,
        null,
        null,
        null,
        null,
        null,
        null,
        null,
        null,
        null,
        null,
        null,
        null,
        null,
        null,
        null,
        null,
        null,
        null,
        null,
        null,
        null,
        null,
        null,
        null,
        null,
        null,
        null
      ],
      "/Users/angiegove/Projects/Travel_Stories/app/controllers/trips_controller.rb": [
        1,
        null,
        null
      ],
      "/Users/angiegove/Projects/Travel_Stories/app/models/trip.rb": [
        null,
        null,
        null,
        null,
        null,
        null,
        null,
        null,
        null,
        null,
        null,
        1,
        1,
        null,
        1,
        1,
        null
      ],
      "/Users/angiegove/Projects/Travel_Stories/spec/factories.rb": [
        1,
        null,
        1,
        1,
        1,
        null,
        null,
        null,
        null,
        null,
        null,
        1,
        1,
        null,
        null,
        1,
        1,
        null,
        null,
        1,
        25,
        26,
        26,
        null,
        null,
        null,
        1,
        1,
        1,
        null,
        null,
        null,
        null
      ],
      "/Users/angiegove/Projects/Travel_Stories/config/routes.rb": [
        1,
        1,
        1,
        null
      ],
      "/Users/angiegove/Projects/Travel_Stories/spec/controllers/trips_controller_spec.rb": [
        1,
        null,
        null,
        null
      ],
      "/Users/angiegove/Projects/Travel_Stories/spec/models/place_spec.rb": [
        null,
        1,
        null,
        null,
        1,
        null,
        1,
        2,
        null,
        null,
        1,
        1,
        null,
        null,
        1,
        1,
        null,
        null,
        null
      ],
      "/Users/angiegove/Projects/Travel_Stories/spec/models/trip_spec.rb": [
        1,
        null,
        1,
        null,
        1,
        1,
        null,
        null,
        1,
        1,
        null,
        null,
        null
      ]
    },
    "timestamp": 1387279658
  }
}
